2020-11-27 19:20:18.575457: I tensorflow/core/platform/cpu_feature_guard.cc:142] Your CPU supports instructions that this TensorFlow binary was not compiled to use: AVX2 FMA
2020-11-27 19:20:18.583244: I tensorflow/core/platform/profile_utils/cpu_utils.cc:94] CPU Frequency: 2300000000 Hz
2020-11-27 19:20:18.583595: I tensorflow/compiler/xla/service/service.cc:168] XLA service 0x55ee570 initialized for platform Host (this does not guarantee that XLA will be used). Devices:
2020-11-27 19:20:18.583623: I tensorflow/compiler/xla/service/service.cc:176]   StreamExecutor device (0): Host, Default Version
2020-11-27 19:20:18.677569: I tensorflow/stream_executor/platform/default/dso_loader.cc:44] Successfully opened dynamic library libcuda.so.1
2020-11-27 19:20:18.950660: I tensorflow/stream_executor/cuda/cuda_gpu_executor.cc:983] successful NUMA node read from SysFS had negative value (-1), but there must be at least one NUMA node, so returning NUMA node zero
2020-11-27 19:20:18.951417: I tensorflow/compiler/xla/service/service.cc:168] XLA service 0x56784f0 initialized for platform CUDA (this does not guarantee that XLA will be used). Devices:
2020-11-27 19:20:18.951441: I tensorflow/compiler/xla/service/service.cc:176]   StreamExecutor device (0): Tesla T4, Compute Capability 7.5
2020-11-27 19:20:18.951681: I tensorflow/stream_executor/cuda/cuda_gpu_executor.cc:983] successful NUMA node read from SysFS had negative value (-1), but there must be at least one NUMA node, so returning NUMA node zero
2020-11-27 19:20:18.952286: I tensorflow/core/common_runtime/gpu/gpu_device.cc:1618] Found device 0 with properties: 
name: Tesla T4 major: 7 minor: 5 memoryClockRate(GHz): 1.59
pciBusID: 0000:00:04.0
2020-11-27 19:20:18.986943: I tensorflow/stream_executor/platform/default/dso_loader.cc:44] Successfully opened dynamic library libcudart.so.10.0
2020-11-27 19:20:19.069502: I tensorflow/stream_executor/platform/default/dso_loader.cc:44] Successfully opened dynamic library libcublas.so.10.0
2020-11-27 19:20:19.105342: I tensorflow/stream_executor/platform/default/dso_loader.cc:44] Successfully opened dynamic library libcufft.so.10.0
2020-11-27 19:20:19.156188: I tensorflow/stream_executor/platform/default/dso_loader.cc:44] Successfully opened dynamic library libcurand.so.10.0
2020-11-27 19:20:19.271073: I tensorflow/stream_executor/platform/default/dso_loader.cc:44] Successfully opened dynamic library libcusolver.so.10.0
2020-11-27 19:20:19.294553: I tensorflow/stream_executor/platform/default/dso_loader.cc:44] Successfully opened dynamic library libcusparse.so.10.0
2020-11-27 19:20:19.442066: I tensorflow/stream_executor/platform/default/dso_loader.cc:44] Successfully opened dynamic library libcudnn.so.7
2020-11-27 19:20:19.442312: I tensorflow/stream_executor/cuda/cuda_gpu_executor.cc:983] successful NUMA node read from SysFS had negative value (-1), but there must be at least one NUMA node, so returning NUMA node zero
2020-11-27 19:20:19.443051: I tensorflow/stream_executor/cuda/cuda_gpu_executor.cc:983] successful NUMA node read from SysFS had negative value (-1), but there must be at least one NUMA node, so returning NUMA node zero
2020-11-27 19:20:19.443674: I tensorflow/core/common_runtime/gpu/gpu_device.cc:1746] Adding visible gpu devices: 0
2020-11-27 19:20:19.443759: I tensorflow/stream_executor/platform/default/dso_loader.cc:44] Successfully opened dynamic library libcudart.so.10.0
2020-11-27 19:20:19.445483: I tensorflow/core/common_runtime/gpu/gpu_device.cc:1159] Device interconnect StreamExecutor with strength 1 edge matrix:
2020-11-27 19:20:19.445518: I tensorflow/core/common_runtime/gpu/gpu_device.cc:1165]      0 
2020-11-27 19:20:19.445526: I tensorflow/core/common_runtime/gpu/gpu_device.cc:1178] 0:   N 
2020-11-27 19:20:19.445684: I tensorflow/stream_executor/cuda/cuda_gpu_executor.cc:983] successful NUMA node read from SysFS had negative value (-1), but there must be at least one NUMA node, so returning NUMA node zero
2020-11-27 19:20:19.446333: I tensorflow/stream_executor/cuda/cuda_gpu_executor.cc:983] successful NUMA node read from SysFS had negative value (-1), but there must be at least one NUMA node, so returning NUMA node zero
2020-11-27 19:20:19.446948: I tensorflow/core/common_runtime/gpu/gpu_device.cc:1304] Created TensorFlow device (/device:GPU:0 with 14257 MB memory) -> physical GPU (device: 0, name: Tesla T4, pci bus id: 0000:00:04.0, compute capability: 7.5)
Using TensorFlow backend.
WARNING:tensorflow:From /home/witryjw/.local/lib/python3.6/site-packages/keras/backend/tensorflow_backend.py:442: The name tf.placeholder is deprecated. Please use tf.compat.v1.placeholder instead.

WARNING:tensorflow:From /home/witryjw/.local/lib/python3.6/site-packages/keras/backend/tensorflow_backend.py:58: The name tf.get_default_graph is deprecated. Please use tf.compat.v1.get_default_graph instead.

WARNING:tensorflow:From /home/witryjw/.local/lib/python3.6/site-packages/keras/backend/tensorflow_backend.py:3543: The name tf.random_uniform is deprecated. Please use tf.random.uniform instead.

WARNING:tensorflow:From /home/witryjw/.local/lib/python3.6/site-packages/keras/backend/tensorflow_backend.py:3386: The name tf.nn.max_pool is deprecated. Please use tf.nn.max_pool2d instead.

WARNING:tensorflow:From /home/witryjw/.local/lib/python3.6/site-packages/keras/backend/tensorflow_backend.py:1768: The name tf.image.resize_nearest_neighbor is deprecated. Please use tf.compat.v1.image.resize_nearest_neighbor instead.

WARNING:tensorflow:From /home/witryjw/.local/lib/python3.6/site-packages/keras/backend/tensorflow_backend.py:1154: calling reduce_max_v1 (from tensorflow.python.ops.math_ops) with keep_dims is deprecated and will be removed in a future version.
Instructions for updating:
keep_dims is deprecated, use keepdims instead
WARNING:tensorflow:From /home/witryjw/.local/lib/python3.6/site-packages/keras/backend/tensorflow_backend.py:1188: calling reduce_sum_v1 (from tensorflow.python.ops.math_ops) with keep_dims is deprecated and will be removed in a future version.
Instructions for updating:
keep_dims is deprecated, use keepdims instead
WARNING:tensorflow:From /home/witryjw/IMDWID/Mask_RCNN-master/mrcnn/model.py:344: The name tf.log is deprecated. Please use tf.math.log instead.

WARNING:tensorflow:From /home/witryjw/IMDWID/Mask_RCNN-master/mrcnn/model.py:402: where (from tensorflow.python.ops.array_ops) is deprecated and will be removed in a future version.
Instructions for updating:
Use tf.where in 2.0, which has the same broadcast rule as np.where
WARNING:tensorflow:From /home/witryjw/IMDWID/Mask_RCNN-master/mrcnn/model.py:426: calling crop_and_resize_v1 (from tensorflow.python.ops.image_ops_impl) with box_ind is deprecated and will be removed in a future version.
Instructions for updating:
box_ind is deprecated, use box_indices instead
WARNING:tensorflow:From /home/witryjw/IMDWID/Mask_RCNN-master/mrcnn/model.py:723: The name tf.sets.set_intersection is deprecated. Please use tf.sets.intersection instead.

WARNING:tensorflow:From /home/witryjw/IMDWID/Mask_RCNN-master/mrcnn/model.py:725: The name tf.sparse_tensor_to_dense is deprecated. Please use tf.sparse.to_dense instead.

WARNING:tensorflow:From /home/witryjw/IMDWID/Mask_RCNN-master/mrcnn/model.py:775: to_float (from tensorflow.python.ops.math_ops) is deprecated and will be removed in a future version.
Instructions for updating:
Use `tf.cast` instead.
WARNING:tensorflow:From /home/witryjw/.local/lib/python3.6/site-packages/keras/backend/tensorflow_backend.py:153: The name tf.get_default_session is deprecated. Please use tf.compat.v1.get_default_session instead.

WARNING:tensorflow:From /home/witryjw/.local/lib/python3.6/site-packages/keras/backend/tensorflow_backend.py:158: The name tf.ConfigProto is deprecated. Please use tf.compat.v1.ConfigProto instead.

WARNING:tensorflow:From /home/witryjw/.local/lib/python3.6/site-packages/keras/backend/tensorflow_backend.py:163: The name tf.Session is deprecated. Please use tf.compat.v1.Session instead.

2020-11-27 19:20:31.733548: I tensorflow/stream_executor/cuda/cuda_gpu_executor.cc:983] successful NUMA node read from SysFS had negative value (-1), but there must be at least one NUMA node, so returning NUMA node zero
2020-11-27 19:20:31.734228: I tensorflow/core/common_runtime/gpu/gpu_device.cc:1618] Found device 0 with properties: 
name: Tesla T4 major: 7 minor: 5 memoryClockRate(GHz): 1.59
pciBusID: 0000:00:04.0
2020-11-27 19:20:31.734338: I tensorflow/stream_executor/platform/default/dso_loader.cc:44] Successfully opened dynamic library libcudart.so.10.0
2020-11-27 19:20:31.734357: I tensorflow/stream_executor/platform/default/dso_loader.cc:44] Successfully opened dynamic library libcublas.so.10.0
2020-11-27 19:20:31.734372: I tensorflow/stream_executor/platform/default/dso_loader.cc:44] Successfully opened dynamic library libcufft.so.10.0
2020-11-27 19:20:31.734387: I tensorflow/stream_executor/platform/default/dso_loader.cc:44] Successfully opened dynamic library libcurand.so.10.0
2020-11-27 19:20:31.734402: I tensorflow/stream_executor/platform/default/dso_loader.cc:44] Successfully opened dynamic library libcusolver.so.10.0
2020-11-27 19:20:31.734416: I tensorflow/stream_executor/platform/default/dso_loader.cc:44] Successfully opened dynamic library libcusparse.so.10.0
2020-11-27 19:20:31.734432: I tensorflow/stream_executor/platform/default/dso_loader.cc:44] Successfully opened dynamic library libcudnn.so.7
2020-11-27 19:20:31.734517: I tensorflow/stream_executor/cuda/cuda_gpu_executor.cc:983] successful NUMA node read from SysFS had negative value (-1), but there must be at least one NUMA node, so returning NUMA node zero
2020-11-27 19:20:31.735139: I tensorflow/stream_executor/cuda/cuda_gpu_executor.cc:983] successful NUMA node read from SysFS had negative value (-1), but there must be at least one NUMA node, so returning NUMA node zero
2020-11-27 19:20:31.735692: I tensorflow/core/common_runtime/gpu/gpu_device.cc:1746] Adding visible gpu devices: 0
2020-11-27 19:20:31.735722: I tensorflow/core/common_runtime/gpu/gpu_device.cc:1159] Device interconnect StreamExecutor with strength 1 edge matrix:
2020-11-27 19:20:31.735729: I tensorflow/core/common_runtime/gpu/gpu_device.cc:1165]      0 
2020-11-27 19:20:31.735735: I tensorflow/core/common_runtime/gpu/gpu_device.cc:1178] 0:   N 
2020-11-27 19:20:31.735834: I tensorflow/stream_executor/cuda/cuda_gpu_executor.cc:983] successful NUMA node read from SysFS had negative value (-1), but there must be at least one NUMA node, so returning NUMA node zero
2020-11-27 19:20:31.736488: I tensorflow/stream_executor/cuda/cuda_gpu_executor.cc:983] successful NUMA node read from SysFS had negative value (-1), but there must be at least one NUMA node, so returning NUMA node zero
2020-11-27 19:20:31.737115: I tensorflow/core/common_runtime/gpu/gpu_device.cc:1304] Created TensorFlow device (/job:localhost/replica:0/task:0/device:GPU:0 with 14257 MB memory) -> physical GPU (device: 0, name: Tesla T4, pci bus id: 0000:00:04.0, compute capability: 7.5)
WARNING:tensorflow:From /home/witryjw/.local/lib/python3.6/site-packages/keras/backend/tensorflow_backend.py:333: The name tf.global_variables is deprecated. Please use tf.compat.v1.global_variables instead.

WARNING:tensorflow:From /home/witryjw/.local/lib/python3.6/site-packages/keras/backend/tensorflow_backend.py:341: The name tf.variables_initializer is deprecated. Please use tf.compat.v1.variables_initializer instead.

2020-11-27 19:20:33.903956: W tensorflow/core/framework/cpu_allocator_impl.cc:81] Allocation of 51380224 exceeds 10% of system memory.
2020-11-27 19:20:33.975021: W tensorflow/core/framework/cpu_allocator_impl.cc:81] Allocation of 51380224 exceeds 10% of system memory.
2020-11-27 19:20:41.266133: I tensorflow/stream_executor/platform/default/dso_loader.cc:44] Successfully opened dynamic library libcublas.so.10.0
2020-11-27 19:20:41.435287: I tensorflow/stream_executor/platform/default/dso_loader.cc:44] Successfully opened dynamic library libcudnn.so.7
Using TF version: <module 'tensorflow._api.v1.version' from '/home/witryjw/.local/lib/python3.6/site-packages/tensorflow_core/_api/v1/version/__init__.py'>
2.0.8
/device:GPU:0

Configurations:
BACKBONE                       resnet101
BACKBONE_STRIDES               [4, 8, 16, 32, 64]
BATCH_SIZE                     8
BBOX_STD_DEV                   [0.1 0.1 0.2 0.2]
COMPUTE_BACKBONE_SHAPE         None
DETECTION_MAX_INSTANCES        100
DETECTION_MIN_CONFIDENCE       0.7
DETECTION_NMS_THRESHOLD        0.3
FPN_CLASSIF_FC_LAYERS_SIZE     1024
GPU_COUNT                      1
GRADIENT_CLIP_NORM             5.0
IMAGES_PER_GPU                 8
IMAGE_CHANNEL_COUNT            4
IMAGE_MAX_DIM                  640
IMAGE_META_SIZE                19
IMAGE_MIN_DIM                  480
IMAGE_MIN_SCALE                0
IMAGE_RESIZE_MODE              square
IMAGE_SHAPE                    [640 640   4]
LEARNING_MOMENTUM              0.9
LEARNING_RATE                  0.001
LOSS_WEIGHTS                   {'rpn_class_loss': 1.0, 'rpn_bbox_loss': 1.0, 'mrcnn_class_loss': 1.0, 'mrcnn_bbox_loss': 1.0, 'mrcnn_mask_loss': 1.0}
MASK_POOL_SIZE                 14
MASK_SHAPE                     [28, 28]
MAX_GT_INSTANCES               100
MEAN_PIXEL                     4
MINI_MASK_SHAPE                (56, 56)
NAME                           rgbd
NUM_CLASSES                    7
POOL_SIZE                      7
POST_NMS_ROIS_INFERENCE        1000
POST_NMS_ROIS_TRAINING         2000
PRE_NMS_LIMIT                  6000
ROI_POSITIVE_RATIO             0.33
RPN_ANCHOR_RATIOS              [0.5, 1, 2]
RPN_ANCHOR_SCALES              (8, 16, 32, 64, 128)
RPN_ANCHOR_STRIDE              1
RPN_BBOX_STD_DEV               [0.1 0.1 0.2 0.2]
RPN_NMS_THRESHOLD              0.7
RPN_TRAIN_ANCHORS_PER_IMAGE    256
STEPS_PER_EPOCH                100
TOP_DOWN_PYRAMID_SIZE          256
TRAIN_BN                       False
TRAIN_ROIS_PER_IMAGE           32
USE_MINI_MASK                  True
USE_RPN_ROIS                   True
VALIDATION_STEPS               10
WEIGHT_DECAY                   0.0001


Loading weights from  /home/witryjw/IMDWID/Mask_RCNN-master/logs/rgbd_10e_NoAug/mask_rcnn_rgbd_0009.h5
original_image           shape: (640, 640, 4)         min:    0.00000  max:  255.00000  uint8
image_meta               shape: (19,)                 min:    0.00000  max:  640.00000  int64
gt_class_id              shape: (7,)                  min:    1.00000  max:    6.00000  int32
gt_bbox                  shape: (7, 4)                min:   59.00000  max:  630.00000  int32
gt_mask                  shape: (640, 640, 7)         min:    0.00000  max:    1.00000  float64
Processing 1 images
image                    shape: (640, 640, 4)         min:    0.00000  max:  255.00000  uint8
molded_images            shape: (1, 640, 640, 4)      min:   -4.00000  max:  251.00000  float32
image_metas              shape: (1, 19)               min:    0.00000  max:  640.00000  int64
anchors                  shape: (1, 102300, 4)        min:   -0.14164  max:    1.04149  float32
mAP:  0.8040251601035064
